<?xml version="1.0" encoding="UTF-8"?>
<!-- Generated by org.testng.reporters.JUnitReportReporter -->
<testsuite hostname="c889f3ed9aa4" failures="0" tests="1" name="com.testScripts.TestScrpts" time="52.184" errors="0" timestamp="23 Oct 2024 10:09:08 GMT">
  <testcase classname="com.testScripts.TestScrpts" name="general" time="52.184"/>
</testsuite> <!-- com.testScripts.TestScrpts -->
