<?xml version="1.0" encoding="UTF-8"?>
<!-- Generated by org.testng.reporters.JUnitReportReporter -->
<testsuite hostname="c889f3ed9aa4" failures="0" tests="1" name="com.testScripts.Without_Select_Tag" time="36.765" errors="0" timestamp="23 Oct 2024 10:22:36 GMT">
  <testcase classname="com.testScripts.Without_Select_Tag" name="demo" time="36.765"/>
</testsuite> <!-- com.testScripts.Without_Select_Tag -->
